  Building Custom Rule C:/TFG/Github/code/openbabel-openbabel-3-1-1/src/formats/CMakeLists.txt
  APIInterface.cpp
  CSRformat.cpp
  PQSformat.cpp
  MCDLformat.cpp
C:\TFG\Github\code\openbabel-openbabel-3-1-1\src\formats\MCDLformat.cpp(1384,48): warning C4267: 'initializing': conversion from 'size_t' to 'int', possible loss of data
C:\TFG\Github\code\openbabel-openbabel-3-1-1\src\formats\MCDLformat.cpp(1398,35): warning C4267: '=': conversion from 'size_t' to 'int', possible loss of data
  alchemyformat.cpp
  acrformat.cpp
  amberformat.cpp
  balstformat.cpp
  bgfformat.cpp
  boxformat.cpp
  cacaoformat.cpp
  cacheformat.cpp
  carformat.cpp
  cccformat.cpp
  chem3dformat.cpp
  chemdrawct.cpp
  chemtoolformat.cpp
  cifformat.cpp
C:\TFG\Github\code\openbabel-openbabel-3-1-1\src\formats\cifformat.cpp(149,31): warning C4267: 'argument': conversion from 'size_t' to 'int', possible loss of data
C:\TFG\Github\code\openbabel-openbabel-3-1-1\src\formats\cifformat.cpp(414,56): warning C4305: '=': truncation from 'double' to '_Ty'
          with
          [
              _Ty=float
          ]
C:\TFG\Github\code\openbabel-openbabel-3-1-1\src\formats\cifformat.cpp(415,56): warning C4305: '=': truncation from 'double' to '_Ty'
          with
          [
              _Ty=float
          ]
C:\TFG\Github\code\openbabel-openbabel-3-1-1\src\formats\cifformat.cpp(416,56): warning C4305: '=': truncation from 'double' to '_Ty'
          with
          [
              _Ty=float
          ]
C:\TFG\Github\code\openbabel-openbabel-3-1-1\src\formats\cifformat.cpp(448,58): warning C4305: '=': truncation from 'double' to '_Ty'
          with
          [
              _Ty=float
          ]
C:\TFG\Github\code\openbabel-openbabel-3-1-1\src\formats\cifformat.cpp(449,58): warning C4305: '=': truncation from 'double' to '_Ty'
          with
          [
              _Ty=float
          ]
C:\TFG\Github\code\openbabel-openbabel-3-1-1\src\formats\cifformat.cpp(450,60): warning C4305: '=': truncation from 'double' to '_Ty'
          with
          [
              _Ty=float
          ]
C:\TFG\Github\code\openbabel-openbabel-3-1-1\src\formats\cifformat.cpp(455,56): warning C4305: '=': truncation from 'double' to '_Ty'
          with
          [
              _Ty=float
          ]
C:\TFG\Github\code\openbabel-openbabel-3-1-1\src\formats\cifformat.cpp(456,56): warning C4305: '=': truncation from 'double' to '_Ty'
          with
          [
              _Ty=float
          ]
C:\TFG\Github\code\openbabel-openbabel-3-1-1\src\formats\cifformat.cpp(457,56): warning C4305: '=': truncation from 'double' to '_Ty'
          with
          [
              _Ty=float
          ]
C:\TFG\Github\code\openbabel-openbabel-3-1-1\src\formats\cifformat.cpp(473,42): warning C4305: '=': truncation from 'double' to '_Ty'
          with
          [
              _Ty=float
          ]
C:\TFG\Github\code\openbabel-openbabel-3-1-1\src\formats\cifformat.cpp(480,42): warning C4305: '=': truncation from 'double' to '_Ty'
          with
          [
              _Ty=float
          ]
C:\TFG\Github\code\openbabel-openbabel-3-1-1\src\formats\cifformat.cpp(487,42): warning C4305: '=': truncation from 'double' to '_Ty'
          with
          [
              _Ty=float
          ]
C:\TFG\Github\code\openbabel-openbabel-3-1-1\src\formats\cifformat.cpp(644,38): warning C4267: '=': conversion from 'size_t' to 'unsigned int', possible loss of data
C:\TFG\Github\code\openbabel-openbabel-3-1-1\src\formats\cifformat.cpp(756,35): warning C4267: '=': conversion from 'size_t' to 'unsigned int', possible loss of data
C:\TFG\Github\code\openbabel-openbabel-3-1-1\src\formats\cifformat.cpp(774,39): warning C4267: '=': conversion from 'size_t' to 'unsigned int', possible loss of data
C:\TFG\Github\code\openbabel-openbabel-3-1-1\src\formats\cifformat.cpp(858,60): warning C4267: 'initializing': conversion from 'size_t' to 'unsigned long', possible loss of data
C:\TFG\Github\code\openbabel-openbabel-3-1-1\src\formats\cifformat.cpp(858,60): warning C4267: 'initializing': conversion from 'size_t' to 'const unsigned long', possible loss of data
C:\TFG\Github\code\openbabel-openbabel-3-1-1\src\formats\cifformat.cpp(887,59): warning C4267: 'initializing': conversion from 'size_t' to 'unsigned long', possible loss of data
C:\TFG\Github\code\openbabel-openbabel-3-1-1\src\formats\cifformat.cpp(887,59): warning C4267: 'initializing': conversion from 'size_t' to 'const unsigned long', possible loss of data
C:\TFG\Github\code\openbabel-openbabel-3-1-1\src\formats\cifformat.cpp(902,37): warning C4244: '=': conversion from 'double' to 'float', possible loss of data
C:\TFG\Github\code\openbabel-openbabel-3-1-1\src\formats\cifformat.cpp(1442,63): warning C4267: 'initializing': conversion from 'size_t' to 'unsigned int', possible loss of data
C:\TFG\Github\code\openbabel-openbabel-3-1-1\src\formats\cifformat.cpp(1442,63): warning C4267: 'initializing': conversion from 'size_t' to 'const unsigned int', possible loss of data
C:\TFG\Github\code\openbabel-openbabel-3-1-1\src\formats\cifformat.cpp(1693,15): warning C4102: 'std': unreferenced label
  cofformat.cpp
  crkformat.cpp
  Generating Code...
  Compiling...
  cssrformat.cpp
  dlpolyformat.cpp
  exyzformat.cpp
  fastsearchformat.cpp
  fastaformat.cpp
C:\TFG\Github\code\openbabel-openbabel-3-1-1\src\formats\fastaformat.cpp(435,142): warning C4267: 'argument': conversion from 'size_t' to 'int', possible loss of data
  featformat.cpp
  fhformat.cpp
  fingerprintformat.cpp
C:\TFG\Github\code\openbabel-openbabel-3-1-1\src\formats\fingerprintformat.cpp(236,5): warning C4267: 'initializing': conversion from 'size_t' to 'int', possible loss of data
  fpsformat.cpp
  freefracformat.cpp
  ghemicalformat.cpp
  gromos96format.cpp
  groformat.cpp
  lmpdatformat.cpp
  lpmdformat.cpp
  mdffformat.cpp
C:\TFG\Github\code\openbabel-openbabel-3-1-1\src\formats\mdffformat.cpp(33,1): warning C4005: 'INFINITY': macro redefinition
C:\Program Files (x86)\Windows Kits\10\Include\10.0.22000.0\ucrt\corecrt_math.h(88,1): message : see previous definition of 'INFINITY'
C:\TFG\Github\code\openbabel-openbabel-3-1-1\src\formats\mdffformat.cpp(34,1): warning C4005: 'NAN': macro redefinition
C:\Program Files (x86)\Windows Kits\10\Include\10.0.22000.0\ucrt\corecrt_math.h(94,1): message : see previous definition of 'NAN'
C:\TFG\Github\code\openbabel-openbabel-3-1-1\src\formats\mdffformat.cpp(289,45): warning C4244: 'argument': conversion from 'double' to 'int', possible loss of data
  mmcifformat.cpp
  mmodformat.cpp
  moldenformat.cpp
  mpdformat.cpp
C:\TFG\Github\code\openbabel-openbabel-3-1-1\src\formats\mpdformat.cpp(219,43): warning C4267: 'initializing': conversion from 'size_t' to 'unsigned int', possible loss of data
  Generating Code...
  Compiling...
  mpqcformat.cpp
  msiformat.cpp
  msmsformat.cpp
  opendxformat.cpp
  outformat.cpp
  pcmodelformat.cpp
  pdbqtformat.cpp
C:\TFG\Github\code\openbabel-openbabel-3-1-1\src\formats\pdbqtformat.cpp(444,79): warning C4267: '=': conversion from 'size_t' to 'unsigned int', possible loss of data
C:\TFG\Github\code\openbabel-openbabel-3-1-1\src\formats\pdbqtformat.cpp(489,52): warning C4267: '=': conversion from 'size_t' to 'unsigned int', possible loss of data
C:\TFG\Github\code\openbabel-openbabel-3-1-1\src\formats\pdbqtformat.cpp(519,5): warning C4267: 'initializing': conversion from 'size_t' to 'unsigned int', possible loss of data
C:\TFG\Github\code\openbabel-openbabel-3-1-1\src\formats\pdbqtformat.cpp(648,48): warning C4267: 'argument': conversion from 'size_t' to '_Ty', possible loss of data
          with
          [
              _Ty=unsigned int
          ]
C:\TFG\Github\code\openbabel-openbabel-3-1-1\src\formats\pdbqtformat.cpp(649,36): warning C4267: '=': conversion from 'size_t' to 'unsigned int', possible loss of data
C:\TFG\Github\code\openbabel-openbabel-3-1-1\src\formats\pdbqtformat.cpp(653,70): warning C4267: 'argument': conversion from 'size_t' to 'unsigned int', possible loss of data
C:\TFG\Github\code\openbabel-openbabel-3-1-1\src\formats\pdbqtformat.cpp(658,37): warning C4267: '=': conversion from 'size_t' to 'unsigned int', possible loss of data
C:\TFG\Github\code\openbabel-openbabel-3-1-1\src\formats\pdbqtformat.cpp(779,48): warning C4267: '=': conversion from 'size_t' to 'unsigned int', possible loss of data
C:\TFG\Github\code\openbabel-openbabel-3-1-1\src\formats\pdbqtformat.cpp(1000,41): warning C4267: '=': conversion from 'size_t' to 'unsigned int', possible loss of data
C:\Program Files\Microsoft Visual Studio\2022\Community\VC\Tools\MSVC\14.34.31933\include\utility(172,48): warning C4267: 'initializing': conversion from 'size_t' to '_Ty1', possible loss of data
          with
          [
              _Ty1=unsigned int
          ]
C:\TFG\Github\code\openbabel-openbabel-3-1-1\src\formats\pdbqtformat.cpp(654,83): message : see reference to function template instantiation 'std::pair<unsigned int,OpenBabel::branch>::pair<unsigned __int64,OpenBabel::branch&,0>(_Other1 &&,_Other2) noexcept(false)' being compiled
          with
          [
              _Other1=unsigned __int64,
              _Other2=OpenBabel::branch &
          ]
C:\TFG\Github\code\openbabel-openbabel-3-1-1\src\formats\pdbqtformat.cpp(654,36): message : see reference to function template instantiation 'std::pair<unsigned int,OpenBabel::branch>::pair<unsigned __int64,OpenBabel::branch&,0>(_Other1 &&,_Other2) noexcept(false)' being compiled
          with
          [
              _Other1=unsigned __int64,
              _Other2=OpenBabel::branch &
          ]
  pointcloudformat.cpp
  posformat.cpp
  pqrformat.cpp
  shelxformat.cpp
  smileyformat.cpp
C:\TFG\Github\code\openbabel-openbabel-3-1-1\src\formats\smiley.h(2646,1): warning C4267: 'argument': conversion from 'size_t' to 'int', possible loss of data
C:\TFG\Github\code\openbabel-openbabel-3-1-1\src\formats\smiley.h(2576,1): message : while compiling class template member function 'void Smiley::Parser<OpenBabel::OpenBabelCallback>::processStereochemistry(void)'
C:\TFG\Github\code\openbabel-openbabel-3-1-1\src\formats\smiley.h(2707,31): message : see reference to function template instantiation 'void Smiley::Parser<OpenBabel::OpenBabelCallback>::processStereochemistry(void)' being compiled
C:\TFG\Github\code\openbabel-openbabel-3-1-1\src\formats\smileyformat.cpp(367,54): message : see reference to class template instantiation 'Smiley::Parser<OpenBabel::OpenBabelCallback>' being compiled
  stlformat.cpp
C:\TFG\Github\code\openbabel-openbabel-3-1-1\src\formats\stlformat.cpp(218,28): warning C4267: '=': conversion from 'size_t' to 'uint32_t', possible loss of data
C:\TFG\Github\code\openbabel-openbabel-3-1-1\src\formats\stlformat.cpp(239,18): warning C4244: '=': conversion from 'double' to 'float', possible loss of data
C:\TFG\Github\code\openbabel-openbabel-3-1-1\src\formats\stlformat.cpp(240,18): warning C4244: '=': conversion from 'double' to 'float', possible loss of data
C:\TFG\Github\code\openbabel-openbabel-3-1-1\src\formats\stlformat.cpp(241,18): warning C4244: '=': conversion from 'double' to 'float', possible loss of data
C:\TFG\Github\code\openbabel-openbabel-3-1-1\src\formats\stlformat.cpp(247,18): warning C4244: '=': conversion from 'double' to 'float', possible loss of data
C:\TFG\Github\code\openbabel-openbabel-3-1-1\src\formats\stlformat.cpp(248,18): warning C4244: '=': conversion from 'double' to 'float', possible loss of data
C:\TFG\Github\code\openbabel-openbabel-3-1-1\src\formats\stlformat.cpp(249,18): warning C4244: '=': conversion from 'double' to 'float', possible loss of data
C:\TFG\Github\code\openbabel-openbabel-3-1-1\src\formats\stlformat.cpp(255,18): warning C4244: '=': conversion from 'double' to 'float', possible loss of data
C:\TFG\Github\code\openbabel-openbabel-3-1-1\src\formats\stlformat.cpp(256,18): warning C4244: '=': conversion from 'double' to 'float', possible loss of data
C:\TFG\Github\code\openbabel-openbabel-3-1-1\src\formats\stlformat.cpp(257,18): warning C4244: '=': conversion from 'double' to 'float', possible loss of data
  thermoformat.cpp
  tinkerformat.cpp
  unichemformat.cpp
  viewmolformat.cpp
  wlnformat.cpp
  wln-nextmove.cpp
  xedformat.cpp
  Generating Code...
  Compiling...
  xyzformat.cpp
  yasaraformat.cpp
  rxnformat.cpp
  chemdrawcdx.cpp
  chemkinformat.cpp
C:\TFG\Github\code\openbabel-openbabel-3-1-1\src\formats\chemkinformat.cpp(487,5): warning C4267: 'initializing': conversion from 'size_t' to 'int', possible loss of data
C:\TFG\Github\code\openbabel-openbabel-3-1-1\src\formats\chemkinformat.cpp(507,33): warning C4267: 'initializing': conversion from 'size_t' to 'unsigned int', possible loss of data
C:\TFG\Github\code\openbabel-openbabel-3-1-1\src\formats\chemkinformat.cpp(843,50): warning C4267: '=': conversion from 'size_t' to 'unsigned int', possible loss of data
  rinchiformat.cpp
C:\TFG\Github\code\openbabel-openbabel-3-1-1\src\formats\rinchiformat.cpp(174,49): warning C4267: 'initializing': conversion from 'size_t' to 'int', possible loss of data
C:\TFG\Github\code\openbabel-openbabel-3-1-1\src\formats\rinchiformat.cpp(174,49): warning C4267: 'initializing': conversion from 'size_t' to 'const int', possible loss of data
C:\TFG\Github\code\openbabel-openbabel-3-1-1\src\formats\rinchiformat.cpp(181,48): warning C4267: 'initializing': conversion from 'size_t' to 'int', possible loss of data
C:\TFG\Github\code\openbabel-openbabel-3-1-1\src\formats\rinchiformat.cpp(181,48): warning C4267: 'initializing': conversion from 'size_t' to 'const int', possible loss of data
  rsmiformat.cpp
  Generating Code...
  formats_misc.vcxproj -> C:\TFG\Github\code\build\bin\Debug\formats_misc.obf
